2026-05-21 23:59:37,305 [CRITICAL] GlobalExceptionHandler: 未捕获的异常:
Traceback (most recent call last):
  File "C:\Users\23812\Desktop\test\src\main.py", line 68, in <module>
    main()
    ~~~~^^
  File "C:\Users\23812\Desktop\test\src\main.py", line 50, in main
    main_window = MainWindow()
  File "C:\Users\23812\Desktop\test\src\ui\main_window.py", line 64, in __init__
    self._init_ui()
    ~~~~~~~~~~~~~^^
  File "C:\Users\23812\Desktop\test\src\ui\main_window.py", line 239, in _init_ui
    self._plot_widget = PlotWidget(max_points=TempConfig.DISPLAY_POINTS_DEFAULT)
                        ~~~~~~~~~~^^^^^^^^^^^^^^^^^^^^^^^^^^^^^^^^^^^^^^^^^^^^^^
  File "C:\Users\23812\Desktop\test\src\ui\plot_widget.py", line 17, in __init__
    self._init_ui()
    ~~~~~~~~~~~~~^^
  File "C:\Users\23812\Desktop\test\src\ui\plot_widget.py", line 44, in _init_ui
    pen = pg.mkPen(color=color, width=1.5, style=Qt.PenStyle.DashLine)
                                                 ^^
NameError: name 'Qt' is not defined

